0 info it worked if it ends with ok
1 verbose cli [
1 verbose cli   '/Users/dipika/node_modules/node/bin/node',
1 verbose cli   '/Users/dipika/node_modules/.bin/npm',
1 verbose cli   'run',
1 verbose cli   'knex',
1 verbose cli   'migrate:latest',
1 verbose cli   '--verbose'
1 verbose cli ]
2 info using npm@2.15.12
3 info using node@v21.2.0
4 verbose run-script [ 'preknex', 'knex', 'postknex' ]
5 info preknex backend@1.0.0
6 info knex backend@1.0.0
7 verbose unsafe-perm in lifecycle true
8 info backend@1.0.0 Failed to exec knex script
9 verbose stack Error: backend@1.0.0 knex: `knex --knexfile=src/knexFile.ts "migrate:latest"`
9 verbose stack Exit status 1
9 verbose stack     at EventEmitter.<anonymous> (/Users/dipika/node_modules/npm/lib/utils/lifecycle.js:217:16)
9 verbose stack     at EventEmitter.emit (node:events:519:28)
9 verbose stack     at ChildProcess.<anonymous> (/Users/dipika/node_modules/npm/lib/utils/spawn.js:24:14)
9 verbose stack     at ChildProcess.emit (node:events:519:28)
9 verbose stack     at maybeClose (node:internal/child_process:1105:16)
9 verbose stack     at ChildProcess._handle.onexit (node:internal/child_process:305:5)
10 verbose pkgid backend@1.0.0
11 verbose cwd /Users/dipika/leapfrog-assignment/nodeAssignment1
12 error Darwin 22.5.0
13 error argv "/Users/dipika/node_modules/node/bin/node" "/Users/dipika/node_modules/.bin/npm" "run" "knex" "migrate:latest" "--verbose"
14 error node v21.2.0
15 error npm  v2.15.12
16 error code ELIFECYCLE
17 error backend@1.0.0 knex: `knex --knexfile=src/knexFile.ts "migrate:latest"`
17 error Exit status 1
18 error Failed at the backend@1.0.0 knex script 'knex --knexfile=src/knexFile.ts "migrate:latest"'.
18 error This is most likely a problem with the backend package,
18 error not with npm itself.
18 error Tell the author that this fails on your system:
18 error     knex --knexfile=src/knexFile.ts "migrate:latest"
18 error You can get information on how to open an issue for this project with:
18 error     npm bugs backend
18 error Or if that isn't available, you can get their info via:
18 error
18 error     npm owner ls backend
18 error There is likely additional logging output above.
19 verbose exit [ 1, true ]
